<?xml version="1.0" encoding="UTF-8"?>
<!-- Generated by org.testng.reporters.JUnitReportReporter -->
<testsuite hostname="TCCTL-013" failures="0" tests="1" name="com.lao.appium.andriod.Calculator" time="74.493" errors="0" timestamp="2023-03-22T12:20:23 IST" skipped="0">
  <testcase classname="com.lao.appium.andriod.Calculator" name="MegaMart" time="74.493"/>
  <system-out/>
</testsuite> <!-- com.lao.appium.andriod.Calculator -->
