<?xml version="1.0" encoding="UTF-8"?>
<!-- Generated by org.testng.reporters.JUnitReportReporter -->
<testsuite hostname="TCCTL-013" failures="0" tests="2" name="com.appium.MegaMart.Test.PickerAPPTest" time="104.711" errors="0" timestamp="2023-04-18T13:12:58 IST" skipped="0">
  <testcase classname="com.appium.MegaMart.Test.PickerAPPTest" name="PickerAPPLogin" time="72.157"/>
  <system-out/>
  <testcase classname="com.appium.MegaMart.Test.PickerAPPTest" name="DashboardList" time="32.554"/>
  <system-out/>
</testsuite> <!-- com.appium.MegaMart.Test.PickerAPPTest -->
