<?xml version="1.0" encoding="UTF-8"?>
<!-- Generated by org.testng.reporters.JUnitReportReporter -->
<testsuite hostname="TCCTL-013" failures="0" tests="2" name="com.lao.appium.andriod.pickerAPP" time="88.752" errors="0" timestamp="2023-03-23T19:35:22 IST" skipped="0">
  <testcase classname="com.lao.appium.andriod.pickerAPP" name="PickerAPPLogin" time="79.395"/>
  <system-out/>
  <testcase classname="com.lao.appium.andriod.pickerAPP" name="PickerOrderList" time="9.357"/>
  <system-out/>
</testsuite> <!-- com.lao.appium.andriod.pickerAPP -->
