<?xml version="1.0" encoding="UTF-8"?>
<!-- Generated by org.testng.reporters.JUnitReportReporter -->
<testsuite hostname="TCCTL-013" failures="0" tests="2" name="com.appium.MegaMart.Test.PickerAPPTest" time="43.127" errors="0" timestamp="2023-04-20T12:04:18 IST" skipped="0">
  <testcase classname="com.appium.MegaMart.Test.PickerAPPTest" name="PickerAPPLogin" time="24.685"/>
  <system-out/>
  <testcase classname="com.appium.MegaMart.Test.PickerAPPTest" name="startPickpage" time="18.442"/>
  <system-out/>
</testsuite> <!-- com.appium.MegaMart.Test.PickerAPPTest -->
