<?xml version="1.0" encoding="UTF-8"?>
<!-- Generated by org.testng.reporters.JUnitReportReporter -->
<testsuite hostname="TCCTL-013" failures="0" tests="1" name="com.appium.MegaMart.Test.DeliveryApp" time="78.645" errors="0" timestamp="2023-03-24T10:34:56 IST" skipped="0">
  <testcase classname="com.appium.MegaMart.Test.DeliveryApp" name="DeliveryLogin" time="78.645"/>
  <system-out/>
</testsuite> <!-- com.appium.MegaMart.Test.DeliveryApp -->
