<?xml version="1.0" encoding="UTF-8"?>
<!-- Generated by org.testng.reporters.JUnitReportReporter -->
<testsuite hostname="TCCTL-013" failures="0" tests="4" name="com.appium.MegaMart.Test.DeliveryAppTest" time="161.875" errors="0" timestamp="2023-04-18T11:46:43 IST" skipped="0">
  <testcase classname="com.appium.MegaMart.Test.DeliveryAppTest" name="DeliveryAPPLogin" time="76.549"/>
  <system-out/>
  <testcase classname="com.appium.MegaMart.Test.DeliveryAppTest" name="DashboardPage" time="9.836"/>
  <system-out/>
  <testcase classname="com.appium.MegaMart.Test.DeliveryAppTest" name="NewOrderPickupScreen" time="52.871"/>
  <system-out/>
  <testcase classname="com.appium.MegaMart.Test.DeliveryAppTest" name="returnOrderList" time="22.619"/>
  <system-out/>
</testsuite> <!-- com.appium.MegaMart.Test.DeliveryAppTest -->
